2018-04-02 18:23:32 [@DESKTOP-JGTU9PL]
Interno #1: Ejecutar certificate
2018-04-02 18:30:52 [2@DESKTOP-JGTU9PL]
Interno #1: Ejecutar telemetry
2018-04-02 18:45:25 [2@DESKTOP-JGTU9PL]
Interno #1: Ejecutar queuednotificationclean
2018-04-02 18:59:52 [2@DESKTOP-JGTU9PL]
Interno #1: Ejecutar session
2018-04-05 21:03:04 [2@DESKTOP-JGTU9PL]
Interno #1: Ejecutar temp
2018-04-05 22:17:43 [2@DESKTOP-JGTU9PL]
Interno #1: Ejecutar queuednotification
2018-04-05 22:23:12 [2@DESKTOP-JGTU9PL]
Interno #1: Ejecutar slaticket
2018-04-05 22:24:52 [@DESKTOP-JGTU9PL]
Interno #1: Ejecutar planningrecall
2018-04-05 22:43:44 [@DESKTOP-JGTU9PL]
Interno #1: Ejecutar alertnotclosed
2018-04-05 23:13:35 [2@DESKTOP-JGTU9PL]
Interno #1: Ejecutar mailgateerror
2018-04-05 23:21:37 [2@DESKTOP-JGTU9PL]
Interno #1: Ejecutar createinquest
2018-04-05 23:30:32 [2@DESKTOP-JGTU9PL]
Interno #1: Ejecutar watcher
2018-04-05 23:39:02 [2@DESKTOP-JGTU9PL]
Interno #1: Ejecutar contract
2018-04-05 23:58:40 [2@DESKTOP-JGTU9PL]
Interno #1: Ejecutar infocom
2018-04-06 00:05:07 [2@DESKTOP-JGTU9PL]
Interno #1: No se puede iniciar optimize

Función no definida CronTask::cronoptimize (para cron)
2018-04-09 16:06:46 [2@DESKTOP-JGTU9PL]
Interno #1: No se puede iniciar optimize

Función no definida CronTask::cronoptimize (para cron)
2018-04-09 16:11:41 [@DESKTOP-JGTU9PL]
Interno #1: No se puede iniciar optimize

Función no definida CronTask::cronoptimize (para cron)
2018-04-09 16:26:49 [2@DESKTOP-JGTU9PL]
Interno #1: No se puede iniciar optimize

Función no definida CronTask::cronoptimize (para cron)
2018-04-09 16:38:15 [2@DESKTOP-JGTU9PL]
Interno #1: No se puede iniciar optimize

Función no definida CronTask::cronoptimize (para cron)
2018-04-09 16:47:15 [2@DESKTOP-JGTU9PL]
Interno #1: No se puede iniciar optimize

Función no definida CronTask::cronoptimize (para cron)
2018-04-09 16:50:54 [@DESKTOP-JGTU9PL]
Interno #1: No se puede iniciar optimize

Función no definida CronTask::cronoptimize (para cron)
2018-04-09 16:56:12 [2@DESKTOP-JGTU9PL]
Interno #1: No se puede iniciar optimize

Función no definida CronTask::cronoptimize (para cron)
2018-04-09 17:01:39 [2@DESKTOP-JGTU9PL]
Interno #1: No se puede iniciar optimize

Función no definida CronTask::cronoptimize (para cron)
2018-04-09 17:08:01 [2@DESKTOP-JGTU9PL]
Interno #1: No se puede iniciar optimize

Función no definida CronTask::cronoptimize (para cron)
2018-04-09 17:18:19 [2@DESKTOP-JGTU9PL]
Interno #1: No se puede iniciar optimize

Función no definida CronTask::cronoptimize (para cron)
2018-04-12 20:59:22 [2@DESKTOP-JGTU9PL]
Interno #1: No se puede iniciar optimize

Función no definida CronTask::cronoptimize (para cron)
2018-04-12 21:06:05 [2@DESKTOP-JGTU9PL]
Interno #1: No se puede iniciar optimize

Función no definida CronTask::cronoptimize (para cron)
2018-04-12 21:15:52 [2@DESKTOP-JGTU9PL]
Interno #1: No se puede iniciar optimize

Función no definida CronTask::cronoptimize (para cron)
2018-04-12 21:23:15 [2@DESKTOP-JGTU9PL]
Interno #1: No se puede iniciar optimize

Función no definida CronTask::cronoptimize (para cron)
2018-04-12 21:28:26 [@DESKTOP-JGTU9PL]
Interno #1: No se puede iniciar optimize

Función no definida CronTask::cronoptimize (para cron)
2018-04-12 21:28:42 [@DESKTOP-JGTU9PL]
Interno #1: No se puede iniciar optimize

Función no definida CronTask::cronoptimize (para cron)
2018-04-12 21:29:37 [@DESKTOP-JGTU9PL]
Interno #1: No se puede iniciar optimize

Función no definida CronTask::cronoptimize (para cron)
2018-04-12 21:30:53 [@DESKTOP-JGTU9PL]
Interno #1: No se puede iniciar optimize

Función no definida CronTask::cronoptimize (para cron)
2018-04-12 21:33:29 [@DESKTOP-JGTU9PL]
Interno #1: No se puede iniciar optimize

Función no definida CronTask::cronoptimize (para cron)
