2018-04-02 18:24:22 [@DESKTOP-JGTU9PL]
[login] 3: paola inicio de sesión desde la IP ::1
2018-04-05 20:55:26 [@DESKTOP-JGTU9PL]
[login] 3: paola inicio de sesión desde la IP ::1
2018-04-05 21:37:15 [@DESKTOP-JGTU9PL]
[login] 3: paola inicio de sesión desde la IP ::1
2018-04-05 22:11:32 [@DESKTOP-JGTU9PL]
[login] 3: paola inicio de sesión desde la IP ::1
2018-04-05 22:25:22 [@DESKTOP-JGTU9PL]
[login] 3: paola inicio de sesión desde la IP ::1
2018-04-05 22:43:58 [@DESKTOP-JGTU9PL]
[login] 3: paola inicio de sesión desde la IP ::1
2018-04-09 15:58:33 [@DESKTOP-JGTU9PL]
[login] 3: paola inicio de sesión desde la IP ::1
2018-04-09 16:12:06 [@DESKTOP-JGTU9PL]
[login] 3: paola inicio de sesión desde la IP ::1
2018-04-09 16:51:09 [@DESKTOP-JGTU9PL]
[login] 3: paola inicio de sesión desde la IP ::1
2018-04-12 21:28:39 [@DESKTOP-JGTU9PL]
[login] 3: Inicio de sesión fallido para post-only desde la IP ::1
2018-04-12 21:29:32 [@DESKTOP-JGTU9PL]
[login] 3: post-only inicio de sesión desde la IP ::1
2018-04-12 21:29:51 [@DESKTOP-JGTU9PL]
[login] 3: paola inicio de sesión desde la IP ::1
2018-04-12 21:31:21 [@DESKTOP-JGTU9PL]
[login] 3: paula.hincapie inicio de sesión desde la IP ::1
2018-04-12 21:33:41 [@DESKTOP-JGTU9PL]
[login] 3: paola inicio de sesión desde la IP ::1
2018-04-17 20:21:07 [@DESKTOP-JGTU9PL]
[login] 3: paola inicio de sesión desde la IP ::1
2018-04-17 21:33:30 [@DESKTOP-JGTU9PL]
[login] 3: Inicio de sesión fallido para paula.hincapie desde la IP ::1
2018-04-17 21:33:54 [@DESKTOP-JGTU9PL]
[login] 3: paula.hincapie inicio de sesión desde la IP ::1
2018-04-17 21:38:39 [@DESKTOP-JGTU9PL]
[login] 3: Inicio de sesión fallido para paola.cardonas desde la IP ::1
2018-04-17 21:38:49 [@DESKTOP-JGTU9PL]
[login] 3: paola inicio de sesión desde la IP ::1
2018-04-19 20:32:06 [@DESKTOP-JGTU9PL]
[login] 3: Inicio de sesión fallido para prueba desde la IP ::1
2018-04-19 20:32:15 [@DESKTOP-JGTU9PL]
[login] 3: Inicio de sesión fallido para prueba desde la IP ::1
2018-04-19 20:32:24 [@DESKTOP-JGTU9PL]
[login] 3: paola inicio de sesión desde la IP ::1
2018-04-19 20:33:52 [@DESKTOP-JGTU9PL]
[login] 3: paola inicio de sesión desde la IP ::1
2018-04-19 20:35:48 [@DESKTOP-JGTU9PL]
[login] 3: prueba2 inicio de sesión desde la IP ::1
2018-04-19 23:08:42 [@DESKTOP-JGTU9PL]
[login] 3: prueba2 inicio de sesión desde la IP ::1
2018-04-20 20:52:42 [@DESKTOP-JGTU9PL]
[login] 3: prueba2 inicio de sesión desde la IP ::1
2018-04-23 16:28:03 [@DESKTOP-JGTU9PL]
[login] 3: paola inicio de sesión desde la IP ::1
2018-04-24 18:25:30 [@DESKTOP-JGTU9PL]
[login] 3: prueba2 inicio de sesión desde la IP ::1
2018-04-24 19:30:57 [@DESKTOP-JGTU9PL]
[login] 3: prueba2 inicio de sesión desde la IP ::1
2018-04-24 21:14:36 [@DESKTOP-JGTU9PL]
[login] 3: prueba2 inicio de sesión desde la IP ::1
2018-04-24 22:41:07 [@DESKTOP-JGTU9PL]
[login] 3: Inicio de sesión fallido para paola desde la IP ::1
2018-04-24 22:41:17 [@DESKTOP-JGTU9PL]
[login] 3: paola inicio de sesión desde la IP ::1
2018-04-24 17:14:25 [@DESKTOP-JGTU9PL]
[login] 3: paola inicio de sesión desde la IP ::1
