2018-04-20 21:34:41 [2@DESKTOP-JGTU9PL]
Un correo para gestiontifnsp@udea.edu.co fue añadido a la cola: [GLPI #0000010] Nueva Tarea Problema con escaneo
2018-04-20 21:34:41 [2@DESKTOP-JGTU9PL]
Un correo para asistenciacontratacioncifnsp@udea.edu.co fue añadido a la cola: [GLPI #0000010] Nueva Tarea Problema con escaneo
2018-04-20 21:34:41 [2@DESKTOP-JGTU9PL]
Un correo para felipe.becerra@udea.edu.co fue añadido a la cola: [GLPI #0000010] Nueva Tarea Problema con escaneo
2018-04-20 21:35:44 [2@DESKTOP-JGTU9PL]
Se ha enviado un correo electrónico a asistenciacontratacioncifnsp@udea.edu.co: [GLPI #0000010] Nueva Tarea Problema con escaneo
2018-04-20 21:35:44 [2@DESKTOP-JGTU9PL]
Un correo para gestiontifnsp@udea.edu.co fue añadido a la cola: [GLPI #0000010] Actualización de la labor Problema con escaneo
2018-04-20 21:35:44 [2@DESKTOP-JGTU9PL]
Un correo para asistenciacontratacioncifnsp@udea.edu.co fue añadido a la cola: [GLPI #0000010] Actualización de la labor Problema con escaneo
2018-04-20 21:35:44 [2@DESKTOP-JGTU9PL]
Un correo para felipe.becerra@udea.edu.co fue añadido a la cola: [GLPI #0000010] Actualización de la labor Problema con escaneo
2018-04-20 21:35:54 [2@DESKTOP-JGTU9PL]
Se ha enviado un correo electrónico a gestiontifnsp@udea.edu.co: [GLPI #0000010] Actualización de la labor Problema con escaneo
2018-04-20 21:35:54 [2@DESKTOP-JGTU9PL]
Un correo para gestiontifnsp@udea.edu.co fue añadido a la cola: [GLPI #0000010] Actualización de la labor Problema con escaneo
2018-04-20 21:35:54 [2@DESKTOP-JGTU9PL]
Un correo para asistenciacontratacioncifnsp@udea.edu.co fue añadido a la cola: [GLPI #0000010] Actualización de la labor Problema con escaneo
2018-04-20 21:35:54 [2@DESKTOP-JGTU9PL]
Un correo para felipe.becerra@udea.edu.co fue añadido a la cola: [GLPI #0000010] Actualización de la labor Problema con escaneo
