2018-04-05 23:31:56 [2@DESKTOP-JGTU9PL]
0 segundos for "Installing glpi_plugin_fields_fields" @ 2018-04-05 23:31:56 [2@DESKTOP-JGTU9PL]
0 segundos for "Updating glpi_plugin_fields_fields" @ 2018-04-05 23:31:56 [2@DESKTOP-JGTU9PL]
0 segundos for "Tarea finalizada." @ 2018-04-05 23:31:56 [2@DESKTOP-JGTU9PL]
0 segundos for "Updating generated dropdown files" @ 2018-04-05 23:31:56 [2@DESKTOP-JGTU9PL]
0 segundos for "Installing glpi_plugin_fields_labeltranslations" @ 2018-04-05 23:31:56 [2@DESKTOP-JGTU9PL]
0 segundos for "Updating glpi_plugin_fields_labeltranslations" @ 2018-04-05 23:31:56 [2@DESKTOP-JGTU9PL]
0 segundos for "Tarea finalizada." @ 2018-04-05 23:31:57 [2@DESKTOP-JGTU9PL]
1 segundo for "Installing glpi_plugin_fields_containers" @ 2018-04-05 23:31:57 [2@DESKTOP-JGTU9PL]
0 segundos for "Updating generated containers files" @ 2018-04-09 16:56:03 [2@DESKTOP-JGTU9PL]
0 segundos for "Installing glpi_plugin_fields_fields" @ 2018-04-09 16:56:03 [2@DESKTOP-JGTU9PL]
0 segundos for "Updating glpi_plugin_fields_fields" @ 2018-04-09 16:56:03 [2@DESKTOP-JGTU9PL]
0 segundos for "Tarea finalizada." @ 2018-04-09 16:56:03 [2@DESKTOP-JGTU9PL]
0 segundos for "Updating generated dropdown files" @ 2018-04-09 16:56:03 [2@DESKTOP-JGTU9PL]
0 segundos for "Installing glpi_plugin_fields_labeltranslations" @ 2018-04-09 16:56:03 [2@DESKTOP-JGTU9PL]
0 segundos for "Updating glpi_plugin_fields_labeltranslations" @ 2018-04-09 16:56:04 [2@DESKTOP-JGTU9PL]
1 segundo for "Tarea finalizada." @ 2018-04-09 16:56:04 [2@DESKTOP-JGTU9PL]
0 segundos for "Installing glpi_plugin_fields_containers" @ 2018-04-09 16:56:04 [2@DESKTOP-JGTU9PL]
0 segundos for "Updating generated containers files" @ 2018-04-09 17:03:59 [2@DESKTOP-JGTU9PL]
0 segundos for "Installing glpi_plugin_fields_fields" @ 2018-04-09 17:03:59 [2@DESKTOP-JGTU9PL]
0 segundos for "Updating glpi_plugin_fields_fields" @ 2018-04-09 17:03:59 [2@DESKTOP-JGTU9PL]
0 segundos for "Tarea finalizada." @ 2018-04-09 17:03:59 [2@DESKTOP-JGTU9PL]
0 segundos for "Updating generated dropdown files" @ 2018-04-09 17:03:59 [2@DESKTOP-JGTU9PL]
0 segundos for "Installing glpi_plugin_fields_labeltranslations" @ 2018-04-09 17:03:59 [2@DESKTOP-JGTU9PL]
0 segundos for "Updating glpi_plugin_fields_labeltranslations" @ 2018-04-09 17:03:59 [2@DESKTOP-JGTU9PL]
0 segundos for "Tarea finalizada." @ 2018-04-09 17:03:59 [2@DESKTOP-JGTU9PL]
0 segundos for "Installing glpi_plugin_fields_containers" @ 2018-04-09 17:03:59 [2@DESKTOP-JGTU9PL]
0 segundos for "Updating generated containers files" @ 